[debug] [2023-05-15T20:37:12.793Z] ----------------------------------------------------------------------
[debug] [2023-05-15T20:37:12.794Z] Command:       /Users/pawelz/.nvm/versions/node/v19.6.0/bin/node /Users/pawelz/.nvm/versions/node/v19.6.0/bin/firebase init
[debug] [2023-05-15T20:37:12.794Z] CLI Version:   11.25.2
[debug] [2023-05-15T20:37:12.794Z] Platform:      darwin
[debug] [2023-05-15T20:37:12.794Z] Node Version:  v19.6.0
[debug] [2023-05-15T20:37:12.795Z] Time:          Mon May 15 2023 22:37:12 GMT+0200 (Central European Summer Time)
[debug] [2023-05-15T20:37:12.795Z] ----------------------------------------------------------------------
[debug] 
[debug] [2023-05-15T20:37:12.797Z] > command requires scopes: ["email","openid","https://www.googleapis.com/auth/cloudplatformprojects.readonly","https://www.googleapis.com/auth/firebase","https://www.googleapis.com/auth/cloud-platform"]
[debug] [2023-05-15T20:37:12.797Z] > authorizing via signed-in user (pawelzurawski898@gmail.com)
[info] 
     ######## #### ########  ######## ########     ###     ######  ########
     ##        ##  ##     ## ##       ##     ##  ##   ##  ##       ##
     ######    ##  ########  ######   ########  #########  ######  ######
     ##        ##  ##    ##  ##       ##     ## ##     ##       ## ##
     ##       #### ##     ## ######## ########  ##     ##  ######  ########

You're about to initialize a Firebase project in this directory:

  /Users/pawelz/Documents/TTPRO/ToMaszApp

[info] 
=== Project Setup
[info] 
[info] First, let's associate this project directory with a Firebase project.
[info] You can create multiple project aliases by running firebase use --add, 
[info] but for now we'll just set up a default project.
[info] 
[debug] [2023-05-15T20:37:24.741Z] > refreshing access token with scopes: []
[debug] [2023-05-15T20:37:24.744Z] >>> [apiv2][query] POST https://www.googleapis.com/oauth2/v3/token [none]
[debug] [2023-05-15T20:37:24.744Z] >>> [apiv2][body] POST https://www.googleapis.com/oauth2/v3/token [omitted]
[debug] [2023-05-15T20:37:25.259Z] <<< [apiv2][status] POST https://www.googleapis.com/oauth2/v3/token 200
[debug] [2023-05-15T20:37:25.259Z] <<< [apiv2][body] POST https://www.googleapis.com/oauth2/v3/token [omitted]
[debug] [2023-05-15T20:37:25.269Z] >>> [apiv2][query] GET https://firebase.googleapis.com/v1beta1/projects pageSize=100
[debug] [2023-05-15T20:37:26.267Z] <<< [apiv2][status] GET https://firebase.googleapis.com/v1beta1/projects 200
[debug] [2023-05-15T20:37:26.267Z] <<< [apiv2][body] GET https://firebase.googleapis.com/v1beta1/projects [omitted]
[info] i  Using project typer-82f28 (Typer) 
[info] 
=== Hosting Setup
[info] 
[info] Your public directory is the folder (relative to your project directory) that
[info] will contain Hosting assets to be uploaded with firebase deploy. If you
[info] have a build process for your assets, use your build's output directory.
[info] 
[debug] [2023-05-15T20:37:51.198Z] >>> [apiv2][query] GET https://www.gstatic.com/firebasejs/releases.json [none]
[debug] [2023-05-15T20:37:51.356Z] <<< [apiv2][status] GET https://www.gstatic.com/firebasejs/releases.json 200
[debug] [2023-05-15T20:37:51.356Z] <<< [apiv2][body] GET https://www.gstatic.com/firebasejs/releases.json {"current":{"version":"9.22.0","browserURL":"https://www.gstatic.com/firebasejs/9.22.0/firebase.js","packageURL":"https://www.gstatic.com/firebasejs/9.22.0/firebase.tgz"},"live":{"version":"9.22","browserURL":"https://www.gstatic.com/firebasejs/live/9.22/firebase.js","packageURL":"https://www.gstatic.com/firebasejs/live/9.22/firebase.tgz"},"components":{"analytics":"https://www.gstatic.com/firebasejs/9.22.0/firebase-analytics.js","app":"https://www.gstatic.com/firebasejs/9.22.0/firebase-app.js","app-check":"https://www.gstatic.com/firebasejs/9.22.0/firebase-app-check.js","auth":"https://www.gstatic.com/firebasejs/9.22.0/firebase-auth.js","auth/cordova":"https://www.gstatic.com/firebasejs/9.22.0/firebase-auth/cordova.js","auth/react-native":"https://www.gstatic.com/firebasejs/9.22.0/firebase-auth/react-native.js","functions":"https://www.gstatic.com/firebasejs/9.22.0/firebase-functions.js","firestore":"https://www.gstatic.com/firebasejs/9.22.0/firebase-firestore.js","firestore/lite":"https://www.gstatic.com/firebasejs/9.22.0/firebase-firestore/lite.js","installations":"https://www.gstatic.com/firebasejs/9.22.0/firebase-installations.js","storage":"https://www.gstatic.com/firebasejs/9.22.0/firebase-storage.js","performance":"https://www.gstatic.com/firebasejs/9.22.0/firebase-performance.js","remote-config":"https://www.gstatic.com/firebasejs/9.22.0/firebase-remote-config.js","messaging":"https://www.gstatic.com/firebasejs/9.22.0/firebase-messaging.js","messaging/sw":"https://www.gstatic.com/firebasejs/9.22.0/firebase-messaging/sw.js","database":"https://www.gstatic.com/firebasejs/9.22.0/firebase-database.js","firestore.memory":"https://www.gstatic.com/firebasejs/9.22.0/firebase-firestore.memory.js"}}
[info] ✔  Wrote public/index.html 
[info] 
[info] i  Detected a .git folder at /Users/pawelz/Documents/TTPRO/ToMaszApp 
[info] i  Authorizing with GitHub to upload your service account to a GitHub repository's secrets store. 
[info] 
[info] Visit this URL on this device to log in:
[info] https://github.com/login/oauth/authorize?client_id=89cf50f02ac6aaed3484&state=255621599&redirect_uri=http%3A%2F%2Flocalhost%3A9005&scope=read%3Auser%20repo%20public_repo
[info] 
[info] Waiting for authentication...
[debug] [2023-05-15T20:38:08.198Z] >>> [apiv2][query] POST https://github.com/login/oauth/access_token [none]
[debug] [2023-05-15T20:38:08.198Z] >>> [apiv2][body] POST https://github.com/login/oauth/access_token [stream]
[debug] [2023-05-15T20:38:08.829Z] <<< [apiv2][status] POST https://github.com/login/oauth/access_token 200
[debug] [2023-05-15T20:38:08.829Z] <<< [apiv2][body] POST https://github.com/login/oauth/access_token {"access_token":"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","token_type":"bearer","scope":"read:user,repo"}
[debug] [2023-05-15T20:38:08.835Z] >>> [apiv2][query] GET https://api.github.com/user [none]
[debug] [2023-05-15T20:38:09.402Z] <<< [apiv2][status] GET https://api.github.com/user 200
[debug] [2023-05-15T20:38:09.404Z] <<< [apiv2][body] GET https://api.github.com/user {"login":"ZurawS","id":50383823,"node_id":"MDQ6VXNlcjUwMzgzODIz","avatar_url":"https://avatars.githubusercontent.com/u/50383823?v=4","gravatar_id":"","url":"https://api.github.com/users/ZurawS","html_url":"https://github.com/ZurawS","followers_url":"https://api.github.com/users/ZurawS/followers","following_url":"https://api.github.com/users/ZurawS/following{/other_user}","gists_url":"https://api.github.com/users/ZurawS/gists{/gist_id}","starred_url":"https://api.github.com/users/ZurawS/starred{/owner}{/repo}","subscriptions_url":"https://api.github.com/users/ZurawS/subscriptions","organizations_url":"https://api.github.com/users/ZurawS/orgs","repos_url":"https://api.github.com/users/ZurawS/repos","events_url":"https://api.github.com/users/ZurawS/events{/privacy}","received_events_url":"https://api.github.com/users/ZurawS/received_events","type":"User","site_admin":false,"name":"PawZet","company":null,"blog":"","location":null,"email":null,"hireable":null,"bio":null,"twitter_username":null,"public_repos":23,"public_gists":0,"followers":4,"following":2,"created_at":"2019-05-07T21:50:37Z","updated_at":"2023-05-06T02:54:39Z","private_gists":1,"total_private_repos":4,"owned_private_repos":4,"disk_usage":115472,"collaborators":2,"two_factor_authentication":false,"plan":{"name":"free","space":976562499,"collaborators":0,"private_repos":10000}}
[info] 
[info] ✔  Success! Logged into GitHub as ZurawS 
[info] 
[debug] [2023-05-15T20:38:36.519Z] >>> [apiv2][query] GET https://api.github.com/repos/user/typer/actions/secrets/public-key type=owner
[debug] [2023-05-15T20:38:36.994Z] <<< [apiv2][status] GET https://api.github.com/repos/user/typer/actions/secrets/public-key 404
[debug] [2023-05-15T20:38:36.994Z] <<< [apiv2][body] GET https://api.github.com/repos/user/typer/actions/secrets/public-key {"message":"Not Found","documentation_url":"https://docs.github.com/rest/reference/actions#get-a-repository-public-key"}
[debug] [2023-05-15T20:38:41.754Z] >>> [apiv2][query] GET https://api.github.com/repos/user/typer/actions/secrets/public-key type=owner
[debug] [2023-05-15T20:38:42.133Z] <<< [apiv2][status] GET https://api.github.com/repos/user/typer/actions/secrets/public-key 404
[debug] [2023-05-15T20:38:42.133Z] <<< [apiv2][body] GET https://api.github.com/repos/user/typer/actions/secrets/public-key {"message":"Not Found","documentation_url":"https://docs.github.com/rest/reference/actions#get-a-repository-public-key"}
[debug] [2023-05-15T20:38:42.810Z] >>> [apiv2][query] GET https://api.github.com/repos/user/typer/actions/secrets/public-key type=owner
[debug] [2023-05-15T20:38:43.197Z] <<< [apiv2][status] GET https://api.github.com/repos/user/typer/actions/secrets/public-key 404
[debug] [2023-05-15T20:38:43.197Z] <<< [apiv2][body] GET https://api.github.com/repos/user/typer/actions/secrets/public-key {"message":"Not Found","documentation_url":"https://docs.github.com/rest/reference/actions#get-a-repository-public-key"}
[debug] [2023-05-15T20:38:43.954Z] >>> [apiv2][query] GET https://api.github.com/repos/user/typer/actions/secrets/public-key type=owner
[debug] [2023-05-15T20:38:44.180Z] <<< [apiv2][status] GET https://api.github.com/repos/user/typer/actions/secrets/public-key 404
[debug] [2023-05-15T20:38:44.180Z] <<< [apiv2][body] GET https://api.github.com/repos/user/typer/actions/secrets/public-key {"message":"Not Found","documentation_url":"https://docs.github.com/rest/reference/actions#get-a-repository-public-key"}
